app/seeds.txt
com.google.gson.internal.bind.ObjectTypeAdapter
com.google.gson.internal.bind.ObjectTypeAdapter: com.google.gson.TypeAdapterFactory FACTORY
com.google.gson.internal.bind.ObjectTypeAdapter: com.google.gson.Gson gson
com.google.gson.internal.bind.ObjectTypeAdapter: ObjectTypeAdapter(com.google.gson.Gson)
com.google.gson.internal.bind.ObjectTypeAdapter: java.lang.Object read(com.google.gson.stream.JsonReader)
com.google.gson.internal.bind.ObjectTypeAdapter: void write(com.google.gson.stream.JsonWriter,java.lang.Object)
com.google.gson.internal.bind.ObjectTypeAdapter: ObjectTypeAdapter(com.google.gson.Gson,com.google.gson.internal.bind.ObjectTypeAdapter$1)
com.google.gson.internal.bind.ObjectTypeAdapter: void <clinit>()
com.google.gson.internal.bind.ObjectTypeAdapter$1
com.google.gson.internal.bind.ObjectTypeAdapter$1: ObjectTypeAdapter$1()
com.google.gson.internal.bind.ObjectTypeAdapter$1: com.google.gson.TypeAdapter create(com.google.gson.Gson,com.google.gson.reflect.TypeToken)
com.google.gson.internal.bind.ObjectTypeAdapter$2
com.google.gson.internal.bind.ObjectTypeAdapter$2: int[] $SwitchMap$com$google$gson$stream$JsonToken
com.google.gson.internal.bind.ObjectTypeAdapter$2: void <clinit>()
com.google.gson.internal.bind.ReflectiveTypeAdapterFactory
com.google.gson.internal.bind.ReflectiveTypeAdapterFactory: com.google.gson.internal.ConstructorConstructor constructorConstructor
com.google.gson.internal.bind.ReflectiveTypeAdapterFactory: com.google.gson.FieldNamingStrategy fieldNamingPolicy
com.google.gson.internal.bind.ReflectiveTypeAdapterFactory: com.google.gson.internal.Excluder excluder
com.google.gson.internal.bind.ReflectiveTypeAdapterFactory: ReflectiveTypeAdapterFactory(com.google.gson.internal.ConstructorConstructor,com.google.gson.FieldNamingStrategy,com.google.gson.internal.Excluder)
com.google.gson.internal.bind.ReflectiveTypeAdapterFactory: boolean excludeField(java.lang.reflect.Field,boolean)
com.google.gson.internal.bind.ReflectiveTypeAdapterFactory: boolean excludeField(java.lang.reflect.Field,boolean,com.google.gson.internal.Excluder)
com.google.gson.internal.bind.ReflectiveTypeAdapterFactory: java.lang.String getFieldName(java.lang.reflect.Field)
com.google.gson.internal.bind.ReflectiveTypeAdapterFactory: java.lang.String getFieldName(com.google.gson.FieldNamingStrategy,java.lang.reflect.Field)
com.google.gson.internal.bind.ReflectiveTypeAdapterFactory: com.google.gson.TypeAdapter create(com.google.gson.Gson,com.google.gson.reflect.TypeToken)
com.google.gson.internal.bind.ReflectiveTypeAdapterFactory$1
com.google.gson.internal.bind.ReflectiveTypeAdapterFactory$1: com.google.gson.TypeAdapter typeAdapter
com.google.gson.internal.bind.ReflectiveTypeAdapterFactory$1: com.google.gson.Gson val$context
com.google.gson.internal.bind.ReflectiveTypeAdapterFactory$1: java.lang.reflect.Field val$field
com.google.gson.internal.bind.ReflectiveTypeAdapterFactory$1: com.google.gson.reflect.TypeToken val$fieldType
com.google.gson.internal.bind.ReflectiveTypeAdapterFactory$1: boolean val$isPrimitive
com.google.gson.internal.bind.ReflectiveTypeAdapterFactory$1: com.google.gson.internal.bind.ReflectiveTypeAdapterFactory this$0
com.google.gson.internal.bind.ReflectiveTypeAdapterFactory$1: ReflectiveTypeAdapterFactory$1(com.google.gson.internal.bind.ReflectiveTypeAdapterFactory,java.lang.String,boolean,boolean,com.google.gson.Gson,java.lang.reflect.Field,com.google.gson.reflect.TypeToken,boolean)
com.google.gson.internal.bind.ReflectiveTypeAdapterFactory$1: void write(com.google.gson.stream.JsonWriter,java.lang.Object)
com.google.gson.internal.bind.ReflectiveTypeAdapterFactory$1: void read(com.google.gson.stream.JsonReader,java.lang.Object)
com.google.gson.internal.bind.ReflectiveTypeAdapterFactory$1: boolean writeField(java.lang.Object)