app/mapping.txt
android.support.v4.widget.ScrollerCompatGingerbread -> android.support.v4.widget.bi:
    26:26:java.lang.Object createScroller(android.content.Context,android.view.animation.Interpolator) -> b
    31:31:boolean isFinished(java.lang.Object) -> Q
    35:35:int getCurrX(java.lang.Object) -> T
    39:39:int getCurrY(java.lang.Object) -> U
    43:43:boolean computeScrollOffset(java.lang.Object) -> W
    47:48:void startScroll(java.lang.Object,int,int,int,int) -> a
    52:53:void startScroll(java.lang.Object,int,int,int,int,int) -> a
    57:58:void fling(java.lang.Object,int,int,int,int,int,int,int,int) -> a
    62:64:void fling(java.lang.Object,int,int,int,int,int,int,int,int,int,int) -> a
    67:68:void abortAnimation(java.lang.Object) -> X
    84:84:int getFinalX(java.lang.Object) -> Y
    88:88:int getFinalY(java.lang.Object) -> Z
    93:93:boolean springBack(java.lang.Object,int,int,int,int,int,int) -> a
android.support.v4.widget.ScrollerCompatIcs -> android.support.v4.widget.bj:
    26:26:float getCurrVelocity(java.lang.Object) -> V
android.support.v4.widget.SearchViewCompatIcs -> android.support.v4.widget.SearchViewCompatIcs:
android.support.v4.widget.SearchViewCompatIcs$MySearchView -> android.support.v4.widget.SearchViewCompatIcs$MySearchView:
    30:31:void <init>(android.content.Context) -> <init>
    37:39:void onActionViewCollapsed() -> onActionViewCollapsed
android.support.v4.widget.SlidingPaneLayout -> android.support.v4.widget.SlidingPaneLayout:
    int mSliderFadeColor -> yd
    int mCoveredFadeColor -> ye
    android.graphics.drawable.Drawable mShadowDrawableLeft -> yf
    android.graphics.drawable.Drawable mShadowDrawableRight -> yg
    int mOverhangSize -> yh
    boolean mCanSlide -> yi
    android.view.View mSlideableView -> yj
    float mSlideOffset -> yk
    float mParallaxOffset -> yl
    int mSlideRange -> ym
    boolean mIsUnableToDrag -> tq
    int mParallaxBy -> yn
    float mInitialMotionX -> sj
    float mInitialMotionY -> sk
    android.support.v4.widget.SlidingPaneLayout$PanelSlideListener mPanelSlideListener -> yo
    android.support.v4.widget.ViewDragHelper mDragHelper -> yp
    boolean mPreservedOpenState -> yq
    boolean mFirstLayout -> tD
    android.graphics.Rect mTmpRect -> ct
    java.util.ArrayList mPostedRunnables -> yr
    android.support.v4.widget.SlidingPaneLayout$SlidingPanelLayoutImpl IMPL -> ys
    251:252:void <init>(android.content.Context) -> <init>
    255:256:void <init>(android.content.Context,android.util.AttributeSet) -> <init>
    109:273:void <init>(android.content.Context,android.util.AttributeSet,int) -> <init>
    283:285:void setParallaxDistance(int) -> setParallaxDistance
    293:293:int getParallaxDistance() -> getParallaxDistance
    302:303:void setSliderFadeColor(int) -> setSliderFadeColor
    310:310:int getSliderFadeColor() -> getSliderFadeColor
android.support.v4.widget.SlidingPaneLayout$1 -> android.support.v4.widget.SlidingPaneLayout$1:
android.support.v4.widget.SlidingPaneLayout$AccessibilityDelegate -> android.support.v4.widget.bk:
    android.graphics.Rect mTmpRect -> ct
    android.support.v4.widget.SlidingPaneLayout this$0 -> yt
    1546:1547:void <init>(android.support.v4.widget.SlidingPaneLayout) -> <init>
    1551:1576:void onInitializeAccessibilityNodeInfo(android.view.View,android.support.v4.view.accessibility.AccessibilityNodeInfoCompat) -> a
    1580:1583:void onInitializeAccessibilityEvent(android.view.View,android.view.accessibility.AccessibilityEvent) -> onInitializeAccessibilityEvent
    1588:1591:boolean onRequestSendAccessibilityEvent(android.view.ViewGroup,android.view.View,android.view.accessibility.AccessibilityEvent) -> onRequestSendAccessibilityEvent
    1595:1595:boolean filter(android.view.View) -> bd
    1605:1629:void copyNodeInfoNoChildren(android.support.v4.view.accessibility.AccessibilityNodeInfoCompat,android.support.v4.view.accessibility.AccessibilityNodeInfoCompat) -> a