app/unused.txt
com.facebook.share.model.ShareOpenGraphContent:
    40:43:private ShareOpenGraphContent(com.facebook.share.model.ShareOpenGraphContent$Builder)
    34:34:synthetic ShareOpenGraphContent(com.facebook.share.model.ShareOpenGraphContent$Builder,com.facebook.share.model.ShareOpenGraphContent$1)
com.facebook.share.model.ShareOpenGraphContent$Builder
com.facebook.share.model.ShareOpenGraphObject:
    39:40:private ShareOpenGraphObject(com.facebook.share.model.ShareOpenGraphObject$Builder)
    35:35:synthetic ShareOpenGraphObject(com.facebook.share.model.ShareOpenGraphObject$Builder,com.facebook.share.model.ShareOpenGraphObject$1)
com.facebook.share.model.ShareOpenGraphObject$Builder
com.facebook.share.model.ShareOpenGraphValueContainer:
    68:68:public boolean getBoolean(java.lang.String,boolean)
    78:78:public boolean[] getBooleanArray(java.lang.String)
    88:88:public double getDouble(java.lang.String,double)
    98:98:public double[] getDoubleArray(java.lang.String)
    108:108:public int getInt(java.lang.String,int)
    118:118:public int[] getIntArray(java.lang.String)
    128:128:public long getLong(java.lang.String,long)
    138:138:public long[] getLongArray(java.lang.String)
    147:148:public com.facebook.share.model.ShareOpenGraphObject getObject(java.lang.String)
    158:168:public java.util.ArrayList getObjectArrayList(java.lang.String)
    178:179:public com.facebook.share.model.SharePhoto getPhoto(java.lang.String)
    189:199:public java.util.ArrayList getPhotoArrayList(java.lang.String)
    219:219:public java.util.ArrayList getStringArrayList(java.lang.String)
com.facebook.share.model.ShareOpenGraphValueContainer$Builder:
    261:262:public com.facebook.share.model.ShareOpenGraphValueContainer$Builder putBoolean(java.lang.String,boolean)
    272:273:public com.facebook.share.model.ShareOpenGraphValueContainer$Builder putBooleanArray(java.lang.String,boolean[])
    283:284:public com.facebook.share.model.ShareOpenGraphValueContainer$Builder putDouble(java.lang.String,double)
    294:295:public com.facebook.share.model.ShareOpenGraphValueContainer$Builder putDoubleArray(java.lang.String,double[])
    305:306:public com.facebook.share.model.ShareOpenGraphValueContainer$Builder putInt(java.lang.String,int)
    316:317:public com.facebook.share.model.ShareOpenGraphValueContainer$Builder putIntArray(java.lang.String,int[])
    327:328:public com.facebook.share.model.ShareOpenGraphValueContainer$Builder putLong(java.lang.String,long)
    338:339:public com.facebook.share.model.ShareOpenGraphValueContainer$Builder putLongArray(java.lang.String,long[])
    349:350:public com.facebook.share.model.ShareOpenGraphValueContainer$Builder putObject(java.lang.String,com.facebook.share.model.ShareOpenGraphObject)
    362:363:public com.facebook.share.model.ShareOpenGraphValueContainer$Builder putObjectArrayList(java.lang.String,java.util.ArrayList)
    373:374:public com.facebook.share.model.ShareOpenGraphValueContainer$Builder putPhoto(java.lang.String,com.facebook.share.model.SharePhoto)
com.facebook.share.model.SharePhoto$Builder:
    130:130:public bridge synthetic com.facebook.share.model.ShareModelBuilder readFrom(com.facebook.share.model.ShareModel)
    130:130:public bridge synthetic java.lang.Object build()
com.facebook.share.model.SharePhotoContent:
    42:44:private SharePhotoContent(com.facebook.share.model.SharePhotoContent$Builder)
    37:37:synthetic SharePhotoContent(com.facebook.share.model.SharePhotoContent$Builder,com.facebook.share.model.SharePhotoContent$1)
com.facebook.share.model.SharePhotoContent$Builder
com.facebook.share.model.ShareVideo$Builder:
    86:86:public bridge synthetic com.facebook.share.model.ShareModelBuilder readFrom(com.facebook.share.model.ShareModel)
    86:86:public bridge synthetic java.lang.Object build()